
ROM used: 95 (1%)
          95 (1%) including unused fragments

          0 Average locations per line
          10 Average locations per statement

RAM used: 8 (2%) at main() level
          9 (2%) worst case

Stack used: 1 worst case (out of 8 total available)

Lines Stmts  %   Files
----- ----- ---  -----
   28    10 100  7_segments.c
  411     0   0  ..\..\..\..\..\Program Files (x86)\PICC\devices\16f887.h
----- -----
  439    10 Total

Page ROM  %  RAM   Vol Diff  Functions:
---- --- --- ---   --- ----  ----------
0     22  23   1             @delay_ms1
0     14  15   0             @const57
0     55  58   1   235  4.5  main

Program metrics:
    Functions               1
    Statements              10
    Comments                86
    Volume (V)              239
    Difficilty (D)          4.2
    Effort to implement (E) 996
    Time to implement (T)   1 minutes
    Est Delivered Bugs (B)  0
    Cyclomatic Complexity   1
    Maintainability (MI)    154

 Segment     Used  Free
-----------  ----  ----
00000-00003     4  0  
00004-007FF    91  1953  
00800-00FFF     0  2048  
01000-017FF     0  2048  
01800-01FFF     0  2048  



